<html>
<head>
<title>TestNG:  PM Test</title>
<link href="../testng.css" rel="stylesheet" type="text/css" />
<link href="../my-testng.css" rel="stylesheet" type="text/css" />

<style type="text/css">
.log { display: none;} 
.stack-trace { display: none;} 
</style>
<script type="text/javascript">
<!--
function flip(e) {
  current = e.style.display;
  if (current == 'block') {
    e.style.display = 'none';
    return 0;
  }
  else {
    e.style.display = 'block';
    return 1;
  }
}

function toggleBox(szDivId, elem, msg1, msg2)
{
  var res = -1;  if (document.getElementById) {
    res = flip(document.getElementById(szDivId));
  }
  else if (document.all) {
    // this is the way old msie versions work
    res = flip(document.all[szDivId]);
  }
  if(elem) {
    if(res == 0) elem.innerHTML = msg1; else elem.innerHTML = msg2;
  }

}

function toggleAllBoxes() {
  if (document.getElementsByTagName) {
    d = document.getElementsByTagName('div');
    for (i = 0; i < d.length; i++) {
      if (d[i].className == 'log') {
        flip(d[i]);
      }
    }
  }
}

// -->
</script>

</head>
<body>
<h2 align='center'>PM Test</h2><table border='1' align="center">
<tr>
<td>Tests passed/Failed/Skipped:</td><td>0/2/0</td>
</tr><tr>
<td>Started on:</td><td>Fri Aug 23 17:43:47 EDT 2019</td>
</tr>
<tr><td>Total time:</td><td>45 seconds (45676 ms)</td>
</tr><tr>
<td>Included groups:</td><td></td>
</tr><tr>
<td>Excluded groups:</td><td></td>
</tr>
</table><p/>
<small><i>(Hover the method name to see the test class name)</i></small><p/>
<table width='100%' border='1' class='invocation-failed'>
<tr><td colspan='4' align='center'><b>FAILED TESTS</b></td></tr>
<tr><td><b>Test method</b></td>
<td width="30%"><b>Exception</b></td>
<td width="10%"><b>Time (seconds)</b></td>
<td><b>Instance</b></td>
</tr>
<tr>
<td title='CRM.Sites.UAT_SM_NS_FVF_TC06.SM_NS_FVF_TC06()'><b>SM_NS_FVF_TC06</b><br>Test class: CRM.Sites.UAT_SM_NS_FVF_TC06<br>Parameters: {SM_NS_FVF_TC06={AgreementCreate={ac_home_link=, ac_agreements_link=, ac_create_agreement_link=, ac_review_details_link=, ac_customer_copy_link=, ac_agreement_name_combobox=zzzzz, ac_po_number_textfield=1234, ac_created_on_textfield=, ac_effective_of_textfield=, ac_mark_as_urgent_checkbox=, ac_expires_on_dropdown=, ac_customer_name_combobox=SM_NS_FVF_TC01, ac_site_name_combobox=, ac_add_new_site_button=, ac_site_name_textfield=, ac_site_salesrep_dropdown=, ac_site_address_line1_textfield=, ac_site_address_line2_textfield=, ac_site_address_country_dropdown=, ac_site_address_province_dropdown=, ac_site_address_city_textfield=, ac_site_address_zipcode_textfield=, ac_site_contact_primary_checkbox=, ac_site_contact_name_textfield=, ac_site_contact_position_textfield=, ac_site_contact_email_textfield=, ac_site_contact_primary_phone_textfield=, ac_site_contact_primary_extn_textfield=, ac_site_contact_secondary_phone_textfield=, ac_site_contact_secondary_extn_textfield=, ac_site_discard_button=, ac_site_save_button=, ac_add_new_service_button=, ac_discard_button=, ac_save_as_quote_button=, ac_next_button=, =,  =}, SiteCreate={sc_site_name_textfield=Site Validation, sc_sales_rep_dropdown=, sc_site_address_same_checkbox=, sc_address_line1_textfield=, sc_address_line2_textfield=, sc_address_ciy_textfield=, sc_address_country_dropdown=, sc_address_province_dropdown=, sc_address_zipcode_textfield=, sc_contact_name_textfield=, sc_contact_position_textfield=, sc_contact_email_textfield=, sc_contact_primary_phone_textfield=, sc_contact_primary_extn_textfield=, sc_contact_secondary_phone_textfield=, sc_contact_secondary_extn_textfield=, sc_discard_button=, sc_saveandsubmit_button=, =,  =}}}</td>
<td><div><pre>org.openqa.selenium.NoSuchElementException: no such element: Unable to locate element: {&quot;method&quot;:&quot;css selector&quot;,&quot;selector&quot;:&quot;input[formcontrolname=&apos;siteName&apos;]&quot;}
  (Session info: chrome=76.0.3809.100)
  (Driver info: chromedriver=2.42.591088 (7b2b2dca23cca0862f674758c9a3933e685c27d5),platform=Windows NT 10.0.17134 x86_64) (WARNING: The server did not provide any stacktrace information)
Command duration or timeout: 0 milliseconds
For documentation on this error, please visit: http://seleniumhq.org/exceptions/no_such_element.html
Build info: version: &apos;3.11.0&apos;, revision: &apos;e59cfb3&apos;, time: &apos;2018-03-11T20:26:55.152Z&apos;
System info: host: &apos;GFL06031&apos;, ip: &apos;172.26.126.103&apos;, os.name: &apos;Windows 10&apos;, os.arch: &apos;amd64&apos;, os.version: &apos;10.0&apos;, java.version: &apos;1.8.0_221&apos;
Driver info: org.openqa.selenium.chrome.ChromeDriver
Capabilities {acceptInsecureCerts: false, acceptSslCerts: false, applicationCacheEnabled: false, browserConnectionEnabled: false, browserName: chrome, chrome: {chromedriverVersion: 2.42.591088 (7b2b2dca23cca0..., userDataDir: C:\Users\jteja\AppData\Loca...}, cssSelectorsEnabled: true, databaseEnabled: false, goog:chromeOptions: {debuggerAddress: localhost:51056}, handlesAlerts: true, hasTouchScreen: false, javascriptEnabled: true, locationContextEnabled: true, mobileEmulationEnabled: false, nativeEvents: true, networkConnectionEnabled: false, pageLoadStrategy: normal, platform: XP, platformName: XP, rotatable: false, setWindowRect: true, takesHeapSnapshot: true, takesScreenshot: true, unexpectedAlertBehaviour: , unhandledPromptBehavior: , version: 76.0.3809.100, webStorageEnabled: true}
Session ID: e934f076a8877e1cd69ecc491b2852c4
*** Element info: {Using=css selector, value=input[formcontrolname=&apos;siteName&apos;]}
	at org.openqa.selenium.remote.ErrorHandler.createThrowable(ErrorHandler.java:214)
	at org.openqa.selenium.remote.ErrorHandler.throwIfResponseFailed(ErrorHandler.java:166)
	at org.openqa.selenium.remote.http.JsonHttpResponseCodec.reconstructValue(JsonHttpResponseCodec.java:40)
	at org.openqa.selenium.remote.http.AbstractHttpResponseCodec.decode(AbstractHttpResponseCodec.java:80)
	at org.openqa.selenium.remote.http.AbstractHttpResponseCodec.decode(AbstractHttpResponseCodec.java:44)
	at org.openqa.selenium.remote.HttpCommandExecutor.execute(HttpCommandExecutor.java:158)
	at org.openqa.selenium.remote.service.DriverCommandExecutor.execute(DriverCommandExecutor.java:83)
	at org.openqa.selenium.remote.RemoteWebDriver.execute(RemoteWebDriver.java:545)
	at org.openqa.selenium.remote.RemoteWebDriver.findElement(RemoteWebDriver.java:319)
	at org.openqa.selenium.remote.RemoteWebDriver.findElementByCssSelector(RemoteWebDriver.java:413)
	at org.openqa.selenium.By$ByCssSelector.findElement(By.java:430)
	at org.openqa.selenium.remote.RemoteWebDriver.findElement(RemoteWebDriver.java:311)
	at CRM.ReusableComponents.KeywordsUtil.enterText(KeywordsUtil.java:83)
	at CRM.ReusableComponents.MethodsUtil.performActions(MethodsUtil.java:296)
	at CRM.ReusableComponents.MethodsUtil.executeActions(MethodsUtil.java:152)
	at CRM.ReusableComponents.MethodsUtil.selector(MethodsUtil.java:261)
	at CRM.Sites.UAT_SM_NS_FVF_TC06.SM_NS_FVF_TC06(UAT_SM_NS_FVF_TC06.java:60)
... Removed 29 stack frames</pre></div><a href='#' onClick='toggleBox("stack-trace302987494", this, "Click to show all stack frames", "Click to hide stack frames")'>Click to show all stack frames</a>
<div class='stack-trace' id='stack-trace302987494'><pre>org.openqa.selenium.NoSuchElementException: no such element: Unable to locate element: {&quot;method&quot;:&quot;css selector&quot;,&quot;selector&quot;:&quot;input[formcontrolname=&apos;siteName&apos;]&quot;}
  (Session info: chrome=76.0.3809.100)
  (Driver info: chromedriver=2.42.591088 (7b2b2dca23cca0862f674758c9a3933e685c27d5),platform=Windows NT 10.0.17134 x86_64) (WARNING: The server did not provide any stacktrace information)
Command duration or timeout: 0 milliseconds
For documentation on this error, please visit: http://seleniumhq.org/exceptions/no_such_element.html
Build info: version: &apos;3.11.0&apos;, revision: &apos;e59cfb3&apos;, time: &apos;2018-03-11T20:26:55.152Z&apos;
System info: host: &apos;GFL06031&apos;, ip: &apos;172.26.126.103&apos;, os.name: &apos;Windows 10&apos;, os.arch: &apos;amd64&apos;, os.version: &apos;10.0&apos;, java.version: &apos;1.8.0_221&apos;
Driver info: org.openqa.selenium.chrome.ChromeDriver
Capabilities {acceptInsecureCerts: false, acceptSslCerts: false, applicationCacheEnabled: false, browserConnectionEnabled: false, browserName: chrome, chrome: {chromedriverVersion: 2.42.591088 (7b2b2dca23cca0..., userDataDir: C:\Users\jteja\AppData\Loca...}, cssSelectorsEnabled: true, databaseEnabled: false, goog:chromeOptions: {debuggerAddress: localhost:51056}, handlesAlerts: true, hasTouchScreen: false, javascriptEnabled: true, locationContextEnabled: true, mobileEmulationEnabled: false, nativeEvents: true, networkConnectionEnabled: false, pageLoadStrategy: normal, platform: XP, platformName: XP, rotatable: false, setWindowRect: true, takesHeapSnapshot: true, takesScreenshot: true, unexpectedAlertBehaviour: , unhandledPromptBehavior: , version: 76.0.3809.100, webStorageEnabled: true}
Session ID: e934f076a8877e1cd69ecc491b2852c4
*** Element info: {Using=css selector, value=input[formcontrolname=&apos;siteName&apos;]}
	at sun.reflect.NativeConstructorAccessorImpl.newInstance0(Native Method)
	at sun.reflect.NativeConstructorAccessorImpl.newInstance(Unknown Source)
	at sun.reflect.DelegatingConstructorAccessorImpl.newInstance(Unknown Source)
	at java.lang.reflect.Constructor.newInstance(Unknown Source)
	at org.openqa.selenium.remote.ErrorHandler.createThrowable(ErrorHandler.java:214)
	at org.openqa.selenium.remote.ErrorHandler.throwIfResponseFailed(ErrorHandler.java:166)
	at org.openqa.selenium.remote.http.JsonHttpResponseCodec.reconstructValue(JsonHttpResponseCodec.java:40)
	at org.openqa.selenium.remote.http.AbstractHttpResponseCodec.decode(AbstractHttpResponseCodec.java:80)
	at org.openqa.selenium.remote.http.AbstractHttpResponseCodec.decode(AbstractHttpResponseCodec.java:44)
	at org.openqa.selenium.remote.HttpCommandExecutor.execute(HttpCommandExecutor.java:158)
	at org.openqa.selenium.remote.service.DriverCommandExecutor.execute(DriverCommandExecutor.java:83)
	at org.openqa.selenium.remote.RemoteWebDriver.execute(RemoteWebDriver.java:545)
	at org.openqa.selenium.remote.RemoteWebDriver.findElement(RemoteWebDriver.java:319)
	at org.openqa.selenium.remote.RemoteWebDriver.findElementByCssSelector(RemoteWebDriver.java:413)
	at org.openqa.selenium.By$ByCssSelector.findElement(By.java:430)
	at org.openqa.selenium.remote.RemoteWebDriver.findElement(RemoteWebDriver.java:311)
	at CRM.ReusableComponents.KeywordsUtil.enterText(KeywordsUtil.java:83)
	at CRM.ReusableComponents.MethodsUtil.performActions(MethodsUtil.java:296)
	at CRM.ReusableComponents.MethodsUtil.executeActions(MethodsUtil.java:152)
	at CRM.ReusableComponents.MethodsUtil.selector(MethodsUtil.java:261)
	at CRM.Sites.UAT_SM_NS_FVF_TC06.SM_NS_FVF_TC06(UAT_SM_NS_FVF_TC06.java:60)
	at sun.reflect.NativeMethodAccessorImpl.invoke0(Native Method)
	at sun.reflect.NativeMethodAccessorImpl.invoke(Unknown Source)
	at sun.reflect.DelegatingMethodAccessorImpl.invoke(Unknown Source)
	at java.lang.reflect.Method.invoke(Unknown Source)
	at org.testng.internal.MethodInvocationHelper.invokeMethod(MethodInvocationHelper.java:124)
	at org.testng.internal.Invoker.invokeMethod(Invoker.java:571)
	at org.testng.internal.Invoker.invokeTestMethod(Invoker.java:707)
	at org.testng.internal.Invoker.invokeTestMethods(Invoker.java:979)
	at org.testng.internal.TestMethodWorker.invokeTestMethods(TestMethodWorker.java:125)
	at org.testng.internal.TestMethodWorker.run(TestMethodWorker.java:109)
	at org.testng.TestRunner.privateRun(TestRunner.java:648)
	at org.testng.TestRunner.run(TestRunner.java:505)
	at org.testng.SuiteRunner.runTest(SuiteRunner.java:455)
	at org.testng.SuiteRunner.runSequentially(SuiteRunner.java:450)
	at org.testng.SuiteRunner.privateRun(SuiteRunner.java:415)
	at org.testng.SuiteRunner.run(SuiteRunner.java:364)
	at org.testng.SuiteRunnerWorker.runSuite(SuiteRunnerWorker.java:52)
	at org.testng.SuiteRunnerWorker.run(SuiteRunnerWorker.java:84)
	at org.testng.TestNG.runSuitesSequentially(TestNG.java:1187)
	at org.testng.TestNG.runSuitesLocally(TestNG.java:1116)
	at org.testng.TestNG.runSuites(TestNG.java:1028)
	at org.testng.TestNG.run(TestNG.java:996)
	at org.testng.remote.AbstractRemoteTestNG.run(AbstractRemoteTestNG.java:115)
	at org.testng.remote.RemoteTestNG.initAndRun(RemoteTestNG.java:251)
	at org.testng.remote.RemoteTestNG.main(RemoteTestNG.java:77)
</pre></div></td>
<td>21</td>
<td>CRM.Sites.UAT_SM_NS_FVF_TC06@46d56d67</td></tr>
<tr>
<td title='CRM.Sites.UAT_SM_NS_FVF_TC07.SM_NS_FVF_TC07()'><b>SM_NS_FVF_TC07</b><br>Test class: CRM.Sites.UAT_SM_NS_FVF_TC07<br>Parameters: {SM_NS_FVF_TC07={ProspectIndex={pi_home_link=, pi_new_prospect_button=, pi_create_prospect_popup_combobox=, pi_create_prospect_discard_button=, pi_create_prospect_proceed_button=, pi_create_prospect_close_button=, pi_customers_tab_button=, pi_prospects_tab_button=, pi_prospect_search_checkbox=no, pi_amazon_search_dropdown=all, pi_amazon_search_textfield=SM_NS_FVF_TC01, pi_amazon_search_search_button=yes, pi_more_filters_button=, pi_prospect_level_from_dropdown=, pi_prospect_level_to_dropdown=, pi_salesrep_dropdown=, pi_date_prospect_added_from_textfield=, pi_date_prospect_added_to_textfield=, pi_estimated_amount_from_textfield=, pi_estimated_amount_to_textfield=, pi_next_followup_date_from_textfield=, pi_next_followup_date_to_textfield=, pi_comp_agg_exp_date_from_textfield=, pi_comp_agg_exp_date_to_textfield=, pi_branch_dropdown=, pi_prospect_status_multiselect=, pi_reset_filters_button=, pi_more_filters_search_button=, pi_less_filters_button=, pi_search_results_limit_dropdown=, pi_createreport_button=, pi_prospectgrid_results=SM_NS_FVF_TC01}, AgreementCreate={ac_home_link=, ac_agreements_link=, ac_create_agreement_link=, ac_review_details_link=, ac_customer_copy_link=, ac_agreement_name_combobox=, ac_po_number_textfield=123456, ac_created_on_textfield=, ac_effective_of_textfield=, ac_mark_as_urgent_checkbox=, ac_expires_on_dropdown=, ac_customer_name_combobox=, ac_site_name_combobox=, ac_add_new_site_button=, ac_site_name_textfield=, ac_site_salesrep_dropdown=, ac_site_address_line1_textfield=, ac_site_address_line2_textfield=, ac_site_address_country_dropdown=, ac_site_address_province_dropdown=, ac_site_address_city_textfield=, ac_site_address_zipcode_textfield=, ac_site_contact_primary_checkbox=, ac_site_contact_name_textfield=, ac_site_contact_position_textfield=, ac_site_contact_email_textfield=, ac_site_contact_primary_phone_textfield=, ac_site_contact_primary_extn_textfield=, ac_site_contact_secondary_phone_textfield=, ac_site_contact_secondary_extn_textfield=, ac_site_discard_button=, ac_site_save_button=, ac_add_new_service_button=, ac_discard_button=, ac_save_as_quote_button=, ac_next_button=, =,  =}, SiteCreate={sc_site_name_textfield=Site Validation, sc_sales_rep_dropdown=, sc_site_address_same_checkbox=, sc_address_line1_textfield=, sc_address_line2_textfield=, sc_address_ciy_textfield=, sc_address_country_dropdown=, sc_address_province_dropdown=, sc_address_zipcode_textfield=, sc_contact_name_textfield=, sc_contact_position_textfield=, sc_contact_email_textfield=, sc_contact_primary_phone_textfield=, sc_contact_primary_extn_textfield=, sc_contact_secondary_phone_textfield=, sc_contact_secondary_extn_textfield=, sc_discard_button=, sc_saveandsubmit_button=, =,  =}}}</td>
<td><div><pre>org.openqa.selenium.NoSuchElementException: no such element: Unable to locate element: {&quot;method&quot;:&quot;css selector&quot;,&quot;selector&quot;:&quot;input[formcontrolname=&apos;siteName&apos;]&quot;}
  (Session info: chrome=76.0.3809.100)
  (Driver info: chromedriver=2.42.591088 (7b2b2dca23cca0862f674758c9a3933e685c27d5),platform=Windows NT 10.0.17134 x86_64) (WARNING: The server did not provide any stacktrace information)
Command duration or timeout: 0 milliseconds
For documentation on this error, please visit: http://seleniumhq.org/exceptions/no_such_element.html
Build info: version: &apos;3.11.0&apos;, revision: &apos;e59cfb3&apos;, time: &apos;2018-03-11T20:26:55.152Z&apos;
System info: host: &apos;GFL06031&apos;, ip: &apos;172.26.126.103&apos;, os.name: &apos;Windows 10&apos;, os.arch: &apos;amd64&apos;, os.version: &apos;10.0&apos;, java.version: &apos;1.8.0_221&apos;
Driver info: org.openqa.selenium.chrome.ChromeDriver
Capabilities {acceptInsecureCerts: false, acceptSslCerts: false, applicationCacheEnabled: false, browserConnectionEnabled: false, browserName: chrome, chrome: {chromedriverVersion: 2.42.591088 (7b2b2dca23cca0..., userDataDir: C:\Users\jteja\AppData\Loca...}, cssSelectorsEnabled: true, databaseEnabled: false, goog:chromeOptions: {debuggerAddress: localhost:51056}, handlesAlerts: true, hasTouchScreen: false, javascriptEnabled: true, locationContextEnabled: true, mobileEmulationEnabled: false, nativeEvents: true, networkConnectionEnabled: false, pageLoadStrategy: normal, platform: XP, platformName: XP, rotatable: false, setWindowRect: true, takesHeapSnapshot: true, takesScreenshot: true, unexpectedAlertBehaviour: , unhandledPromptBehavior: , version: 76.0.3809.100, webStorageEnabled: true}
Session ID: e934f076a8877e1cd69ecc491b2852c4
*** Element info: {Using=css selector, value=input[formcontrolname=&apos;siteName&apos;]}
	at org.openqa.selenium.remote.ErrorHandler.createThrowable(ErrorHandler.java:214)
	at org.openqa.selenium.remote.ErrorHandler.throwIfResponseFailed(ErrorHandler.java:166)
	at org.openqa.selenium.remote.http.JsonHttpResponseCodec.reconstructValue(JsonHttpResponseCodec.java:40)
	at org.openqa.selenium.remote.http.AbstractHttpResponseCodec.decode(AbstractHttpResponseCodec.java:80)
	at org.openqa.selenium.remote.http.AbstractHttpResponseCodec.decode(AbstractHttpResponseCodec.java:44)
	at org.openqa.selenium.remote.HttpCommandExecutor.execute(HttpCommandExecutor.java:158)
	at org.openqa.selenium.remote.service.DriverCommandExecutor.execute(DriverCommandExecutor.java:83)
	at org.openqa.selenium.remote.RemoteWebDriver.execute(RemoteWebDriver.java:545)
	at org.openqa.selenium.remote.RemoteWebDriver.findElement(RemoteWebDriver.java:319)
	at org.openqa.selenium.remote.RemoteWebDriver.findElementByCssSelector(RemoteWebDriver.java:413)
	at org.openqa.selenium.By$ByCssSelector.findElement(By.java:430)
	at org.openqa.selenium.remote.RemoteWebDriver.findElement(RemoteWebDriver.java:311)
	at CRM.ReusableComponents.KeywordsUtil.enterText(KeywordsUtil.java:83)
	at CRM.ReusableComponents.MethodsUtil.performActions(MethodsUtil.java:296)
	at CRM.ReusableComponents.MethodsUtil.executeActions(MethodsUtil.java:152)
	at CRM.ReusableComponents.MethodsUtil.selector(MethodsUtil.java:261)
	at CRM.Sites.UAT_SM_NS_FVF_TC07.SM_NS_FVF_TC07(UAT_SM_NS_FVF_TC07.java:63)
... Removed 29 stack frames</pre></div><a href='#' onClick='toggleBox("stack-trace1658487789", this, "Click to show all stack frames", "Click to hide stack frames")'>Click to show all stack frames</a>
<div class='stack-trace' id='stack-trace1658487789'><pre>org.openqa.selenium.NoSuchElementException: no such element: Unable to locate element: {&quot;method&quot;:&quot;css selector&quot;,&quot;selector&quot;:&quot;input[formcontrolname=&apos;siteName&apos;]&quot;}
  (Session info: chrome=76.0.3809.100)
  (Driver info: chromedriver=2.42.591088 (7b2b2dca23cca0862f674758c9a3933e685c27d5),platform=Windows NT 10.0.17134 x86_64) (WARNING: The server did not provide any stacktrace information)
Command duration or timeout: 0 milliseconds
For documentation on this error, please visit: http://seleniumhq.org/exceptions/no_such_element.html
Build info: version: &apos;3.11.0&apos;, revision: &apos;e59cfb3&apos;, time: &apos;2018-03-11T20:26:55.152Z&apos;
System info: host: &apos;GFL06031&apos;, ip: &apos;172.26.126.103&apos;, os.name: &apos;Windows 10&apos;, os.arch: &apos;amd64&apos;, os.version: &apos;10.0&apos;, java.version: &apos;1.8.0_221&apos;
Driver info: org.openqa.selenium.chrome.ChromeDriver
Capabilities {acceptInsecureCerts: false, acceptSslCerts: false, applicationCacheEnabled: false, browserConnectionEnabled: false, browserName: chrome, chrome: {chromedriverVersion: 2.42.591088 (7b2b2dca23cca0..., userDataDir: C:\Users\jteja\AppData\Loca...}, cssSelectorsEnabled: true, databaseEnabled: false, goog:chromeOptions: {debuggerAddress: localhost:51056}, handlesAlerts: true, hasTouchScreen: false, javascriptEnabled: true, locationContextEnabled: true, mobileEmulationEnabled: false, nativeEvents: true, networkConnectionEnabled: false, pageLoadStrategy: normal, platform: XP, platformName: XP, rotatable: false, setWindowRect: true, takesHeapSnapshot: true, takesScreenshot: true, unexpectedAlertBehaviour: , unhandledPromptBehavior: , version: 76.0.3809.100, webStorageEnabled: true}
Session ID: e934f076a8877e1cd69ecc491b2852c4
*** Element info: {Using=css selector, value=input[formcontrolname=&apos;siteName&apos;]}
	at sun.reflect.NativeConstructorAccessorImpl.newInstance0(Native Method)
	at sun.reflect.NativeConstructorAccessorImpl.newInstance(Unknown Source)
	at sun.reflect.DelegatingConstructorAccessorImpl.newInstance(Unknown Source)
	at java.lang.reflect.Constructor.newInstance(Unknown Source)
	at org.openqa.selenium.remote.ErrorHandler.createThrowable(ErrorHandler.java:214)
	at org.openqa.selenium.remote.ErrorHandler.throwIfResponseFailed(ErrorHandler.java:166)
	at org.openqa.selenium.remote.http.JsonHttpResponseCodec.reconstructValue(JsonHttpResponseCodec.java:40)
	at org.openqa.selenium.remote.http.AbstractHttpResponseCodec.decode(AbstractHttpResponseCodec.java:80)
	at org.openqa.selenium.remote.http.AbstractHttpResponseCodec.decode(AbstractHttpResponseCodec.java:44)
	at org.openqa.selenium.remote.HttpCommandExecutor.execute(HttpCommandExecutor.java:158)
	at org.openqa.selenium.remote.service.DriverCommandExecutor.execute(DriverCommandExecutor.java:83)
	at org.openqa.selenium.remote.RemoteWebDriver.execute(RemoteWebDriver.java:545)
	at org.openqa.selenium.remote.RemoteWebDriver.findElement(RemoteWebDriver.java:319)
	at org.openqa.selenium.remote.RemoteWebDriver.findElementByCssSelector(RemoteWebDriver.java:413)
	at org.openqa.selenium.By$ByCssSelector.findElement(By.java:430)
	at org.openqa.selenium.remote.RemoteWebDriver.findElement(RemoteWebDriver.java:311)
	at CRM.ReusableComponents.KeywordsUtil.enterText(KeywordsUtil.java:83)
	at CRM.ReusableComponents.MethodsUtil.performActions(MethodsUtil.java:296)
	at CRM.ReusableComponents.MethodsUtil.executeActions(MethodsUtil.java:152)
	at CRM.ReusableComponents.MethodsUtil.selector(MethodsUtil.java:261)
	at CRM.Sites.UAT_SM_NS_FVF_TC07.SM_NS_FVF_TC07(UAT_SM_NS_FVF_TC07.java:63)
	at sun.reflect.NativeMethodAccessorImpl.invoke0(Native Method)
	at sun.reflect.NativeMethodAccessorImpl.invoke(Unknown Source)
	at sun.reflect.DelegatingMethodAccessorImpl.invoke(Unknown Source)
	at java.lang.reflect.Method.invoke(Unknown Source)
	at org.testng.internal.MethodInvocationHelper.invokeMethod(MethodInvocationHelper.java:124)
	at org.testng.internal.Invoker.invokeMethod(Invoker.java:571)
	at org.testng.internal.Invoker.invokeTestMethod(Invoker.java:707)
	at org.testng.internal.Invoker.invokeTestMethods(Invoker.java:979)
	at org.testng.internal.TestMethodWorker.invokeTestMethods(TestMethodWorker.java:125)
	at org.testng.internal.TestMethodWorker.run(TestMethodWorker.java:109)
	at org.testng.TestRunner.privateRun(TestRunner.java:648)
	at org.testng.TestRunner.run(TestRunner.java:505)
	at org.testng.SuiteRunner.runTest(SuiteRunner.java:455)
	at org.testng.SuiteRunner.runSequentially(SuiteRunner.java:450)
	at org.testng.SuiteRunner.privateRun(SuiteRunner.java:415)
	at org.testng.SuiteRunner.run(SuiteRunner.java:364)
	at org.testng.SuiteRunnerWorker.runSuite(SuiteRunnerWorker.java:52)
	at org.testng.SuiteRunnerWorker.run(SuiteRunnerWorker.java:84)
	at org.testng.TestNG.runSuitesSequentially(TestNG.java:1187)
	at org.testng.TestNG.runSuitesLocally(TestNG.java:1116)
	at org.testng.TestNG.runSuites(TestNG.java:1028)
	at org.testng.TestNG.run(TestNG.java:996)
	at org.testng.remote.AbstractRemoteTestNG.run(AbstractRemoteTestNG.java:115)
	at org.testng.remote.RemoteTestNG.initAndRun(RemoteTestNG.java:251)
	at org.testng.remote.RemoteTestNG.main(RemoteTestNG.java:77)
</pre></div></td>
<td>23</td>
<td>CRM.Sites.UAT_SM_NS_FVF_TC07@d8355a8</td></tr>
</table><p>
</body>
</html>