<?xml version="1.0" encoding="UTF-8"?>
<!-- Generated by org.testng.reporters.JUnitXMLReporter -->
<testsuite hostname="GFL06031" ignored="0" name="PM Test" tests="6" failures="1" timestamp="16 Aug 2019 23:39:37 GMT" time="408.61" errors="0">
  <testcase name="CAPR_APCON_TS01_TC01" time="59.452" classname="CRM.ApprovalConditions.UAT_CAPR_APCON_TS01_TC01"/>
  <testcase name="CAPR_APCON_TS01_TC01" time="67.412" classname="CRM.ApprovalConditions.UAT_CAPR_APCON_TS01_TC01"/>
  <testcase name="CAPR_APCON_TS01_TC01" time="58.991" classname="CRM.ApprovalConditions.UAT_CAPR_APCON_TS01_TC01"/>
  <testcase name="CAPR_APCON_TS01_TC01" time="78.974" classname="CRM.ApprovalConditions.UAT_CAPR_APCON_TS01_TC01"/>
  <testcase name="CAPR_APCON_TS01_TC01" time="70.112" classname="CRM.ApprovalConditions.UAT_CAPR_APCON_TS01_TC01">
    <failure type="org.openqa.selenium.NoSuchElementException" message="no such element: Unable to locate element: {&amp;quot;method&amp;quot;:&amp;quot;css selector&amp;quot;,&amp;quot;selector&amp;quot;:&amp;quot;front-end-service div[class=&amp;apos;full_card grey_card calculations_container bottom_radius&amp;apos;] mat-form-field input[matinputplaceholder=&amp;apos;Enter Sell Fee&amp;apos;]&amp;quot;}
  (Session info: chrome=76.0.3809.100)
  (Driver info: chromedriver=2.42.591088 (7b2b2dca23cca0862f674758c9a3933e685c27d5),platform=Windows NT 10.0.17134 x86_64) (WARNING: The server did not provide any stacktrace information)
Command duration or timeout: 0 milliseconds
For documentation on this error, please visit: http://seleniumhq.org/exceptions/no_such_element.html
Build info: version: &amp;apos;3.11.0&amp;apos;, revision: &amp;apos;e59cfb3&amp;apos;, time: &amp;apos;2018-03-11T20:26:55.152Z&amp;apos;
System info: host: &amp;apos;GFL06031&amp;apos;, ip: &amp;apos;172.26.126.103&amp;apos;, os.name: &amp;apos;Windows 10&amp;apos;, os.arch: &amp;apos;amd64&amp;apos;, os.version: &amp;apos;10.0&amp;apos;, java.version: &amp;apos;1.8.0_221&amp;apos;
Driver info: org.openqa.selenium.chrome.ChromeDriver
Capabilities {acceptInsecureCerts: false, acceptSslCerts: false, applicationCacheEnabled: false, browserConnectionEnabled: false, browserName: chrome, chrome: {chromedriverVersion: 2.42.591088 (7b2b2dca23cca0..., userDataDir: C:\Users\jteja\AppData\Loca...}, cssSelectorsEnabled: true, databaseEnabled: false, goog:chromeOptions: {debuggerAddress: localhost:53940}, handlesAlerts: true, hasTouchScreen: false, javascriptEnabled: true, locationContextEnabled: true, mobileEmulationEnabled: false, nativeEvents: true, networkConnectionEnabled: false, pageLoadStrategy: normal, platform: XP, platformName: XP, rotatable: false, setWindowRect: true, takesHeapSnapshot: true, takesScreenshot: true, unexpectedAlertBehaviour: , unhandledPromptBehavior: , version: 76.0.3809.100, webStorageEnabled: true}
Session ID: 97e7190c97fcf7d1629ee58ce15a03ce
*** Element info: {Using=css selector, value=front-end-service div[class=&amp;apos;full_card grey_card calculations_container bottom_radius&amp;apos;] mat-form-field input[matinputplaceholder=&amp;apos;Enter Sell Fee&amp;apos;]}">
      <![CDATA[org.openqa.selenium.NoSuchElementException: no such element: Unable to locate element: {"method":"css selector","selector":"front-end-service div[class='full_card grey_card calculations_container bottom_radius'] mat-form-field input[matinputplaceholder='Enter Sell Fee']"}  (Session info: chrome=76.0.3809.100)  (Driver info: chromedriver=2.42.591088 (7b2b2dca23cca0862f674758c9a3933e685c27d5),platform=Windows NT 10.0.17134 x86_64) (WARNING: The server did not provide any stacktrace information)Command duration or timeout: 0 millisecondsFor documentation on this error, please visit: http://seleniumhq.org/exceptions/no_such_element.htmlBuild info: version: '3.11.0', revision: 'e59cfb3', time: '2018-03-11T20:26:55.152Z'System info: host: 'GFL06031', ip: '172.26.126.103', os.name: 'Windows 10', os.arch: 'amd64', os.version: '10.0', java.version: '1.8.0_221'Driver info: org.openqa.selenium.chrome.ChromeDriverCapabilities {acceptInsecureCerts: false, acceptSslCerts: false, applicationCacheEnabled: false, browserConnectionEnabled: false, browserName: chrome, chrome: {chromedriverVersion: 2.42.591088 (7b2b2dca23cca0..., userDataDir: C:\Users\jteja\AppData\Loca...}, cssSelectorsEnabled: true, databaseEnabled: false, goog:chromeOptions: {debuggerAddress: localhost:53940}, handlesAlerts: true, hasTouchScreen: false, javascriptEnabled: true, locationContextEnabled: true, mobileEmulationEnabled: false, nativeEvents: true, networkConnectionEnabled: false, pageLoadStrategy: normal, platform: XP, platformName: XP, rotatable: false, setWindowRect: true, takesHeapSnapshot: true, takesScreenshot: true, unexpectedAlertBehaviour: , unhandledPromptBehavior: , version: 76.0.3809.100, webStorageEnabled: true}Session ID: 97e7190c97fcf7d1629ee58ce15a03ce*** Element info: {Using=css selector, value=front-end-service div[class='full_card grey_card calculations_container bottom_radius'] mat-form-field input[matinputplaceholder='Enter Sell Fee']}at org.openqa.selenium.remote.ErrorHandler.createThrowable(ErrorHandler.java:214)at org.openqa.selenium.remote.ErrorHandler.throwIfResponseFailed(ErrorHandler.java:166)at org.openqa.selenium.remote.http.JsonHttpResponseCodec.reconstructValue(JsonHttpResponseCodec.java:40)at org.openqa.selenium.remote.http.AbstractHttpResponseCodec.decode(AbstractHttpResponseCodec.java:80)at org.openqa.selenium.remote.http.AbstractHttpResponseCodec.decode(AbstractHttpResponseCodec.java:44)at org.openqa.selenium.remote.HttpCommandExecutor.execute(HttpCommandExecutor.java:158)at org.openqa.selenium.remote.service.DriverCommandExecutor.execute(DriverCommandExecutor.java:83)at org.openqa.selenium.remote.RemoteWebDriver.execute(RemoteWebDriver.java:545)at org.openqa.selenium.remote.RemoteWebDriver.findElement(RemoteWebDriver.java:319)at org.openqa.selenium.remote.RemoteWebDriver.findElementByCssSelector(RemoteWebDriver.java:413)at org.openqa.selenium.By$ByCssSelector.findElement(By.java:430)at org.openqa.selenium.remote.RemoteWebDriver.findElement(RemoteWebDriver.java:311)at CRM.ReusableComponents.KeywordsUtil.enterText(KeywordsUtil.java:81)at CRM.ReusableComponents.MethodsUtil.performActions(MethodsUtil.java:285)at CRM.ReusableComponents.MethodsUtil.executeActions(MethodsUtil.java:141)at CRM.ReusableComponents.MethodsUtil.selector(MethodsUtil.java:241)at CRM.ApprovalConditions.UAT_CAPR_APCON_TS01_TC01.CAPR_APCON_TS01_TC01(UAT_CAPR_APCON_TS01_TC01.java:60)... Removed 29 stack frames]]>
    </failure>
  </testcase> <!-- CAPR_APCON_TS01_TC01 -->
  <testcase name="CAPR_APCON_TS01_TC01" time="72.738" classname="CRM.ApprovalConditions.UAT_CAPR_APCON_TS01_TC01"/>
</testsuite> <!-- PM Test -->
