<!DOCTYPE html PUBLIC "-//W3C//DTD XHTML 1.1//EN" "http://www.w3.org/TR/xhtml11/DTD/xhtml11.dtd">
<html xmlns="http://www.w3.org/1999/xhtml">
<head>
<meta http-equiv="content-type" content="text/html; charset=UTF-8"/>
<title>TestNG Report</title>
<style type="text/css">table {margin-bottom:10px;border-collapse:collapse;empty-cells:show}th,td {border:1px solid #009;padding:.25em .5em}th {vertical-align:bottom}td {vertical-align:top}table a {font-weight:bold}.stripe td {background-color: #E6EBF9}.num {text-align:right}.passedodd td {background-color: #3F3}.passedeven td {background-color: #0A0}.skippedodd td {background-color: #DDD}.skippedeven td {background-color: #CCC}.failedodd td,.attn {background-color: #F33}.failedeven td,.stripe .attn {background-color: #D00}.stacktrace {white-space:pre;font-family:monospace}.totop {font-size:85%;text-align:center;border-bottom:2px solid #000}.invisible {display:none}</style>
</head>
<body>
<table>
<tr><th>Test</th><th># Passed</th><th># Skipped</th><th># Failed</th><th>Time (ms)</th><th>Included Groups</th><th>Excluded Groups</th></tr>
<tr><th colspan="7">WishesAutomation</th></tr>
<tr><td><a href="#t0">PM Test</a></td><td class="num">0</td><td class="num">0</td><td class="num attn">2</td><td class="num">45,676</td><td></td><td></td></tr>
</table>
<table id='summary'><thead><tr><th>Class</th><th>Method</th><th>Start</th><th>Time (ms)</th></tr></thead><tbody><tr><th colspan="4">WishesAutomation</th></tr></tbody><tbody id="t0"><tr><th colspan="4">PM Test &#8212; failed</th></tr><tr class="failedeven"><td rowspan="1">CRM.Sites.UAT_SM_NS_FVF_TC06</td><td><a href="#m0">SM_NS_FVF_TC06</a></td><td rowspan="1">1566596627592</td><td rowspan="1">21199</td></tr><tr class="failedodd"><td rowspan="1">CRM.Sites.UAT_SM_NS_FVF_TC07</td><td><a href="#m1">SM_NS_FVF_TC07</a></td><td rowspan="1">1566596649139</td><td rowspan="1">23646</td></tr></tbody>
</table>
<h2>PM Test</h2><h3 id="m0">CRM.Sites.UAT_SM_NS_FVF_TC06#SM_NS_FVF_TC06</h3><table class="result"><tr class="param"><th>Parameter #1</th></tr><tr class="param stripe"><td>{SM_NS_FVF_TC06={AgreementCreate={ac_home_link=, ac_agreements_link=, ac_create_agreement_link=, ac_review_details_link=, ac_customer_copy_link=, ac_agreement_name_combobox=zzzzz, ac_po_number_textfield=1234, ac_created_on_textfield=, ac_effective_of_textfield=, ac_mark_as_urgent_checkbox=, ac_expires_on_dropdown=, ac_customer_name_combobox=SM_NS_FVF_TC01, ac_site_name_combobox=, ac_add_new_site_button=, ac_site_name_textfield=, ac_site_salesrep_dropdown=, ac_site_address_line1_textfield=, ac_site_address_line2_textfield=, ac_site_address_country_dropdown=, ac_site_address_province_dropdown=, ac_site_address_city_textfield=, ac_site_address_zipcode_textfield=, ac_site_contact_primary_checkbox=, ac_site_contact_name_textfield=, ac_site_contact_position_textfield=, ac_site_contact_email_textfield=, ac_site_contact_primary_phone_textfield=, ac_site_contact_primary_extn_textfield=, ac_site_contact_secondary_phone_textfield=, ac_site_contact_secondary_extn_textfield=, ac_site_discard_button=, ac_site_save_button=, ac_add_new_service_button=, ac_discard_button=, ac_save_as_quote_button=, ac_next_button=, =,  =}, SiteCreate={sc_site_name_textfield=Site Validation, sc_sales_rep_dropdown=, sc_site_address_same_checkbox=, sc_address_line1_textfield=, sc_address_line2_textfield=, sc_address_ciy_textfield=, sc_address_country_dropdown=, sc_address_province_dropdown=, sc_address_zipcode_textfield=, sc_contact_name_textfield=, sc_contact_position_textfield=, sc_contact_email_textfield=, sc_contact_primary_phone_textfield=, sc_contact_primary_extn_textfield=, sc_contact_secondary_phone_textfield=, sc_contact_secondary_extn_textfield=, sc_discard_button=, sc_saveandsubmit_button=, =,  =}}}</td></tr><tr><th>Exception</th></tr><tr><td><div class="stacktrace">org.openqa.selenium.NoSuchElementException: no such element: Unable to locate element: {&quot;method&quot;:&quot;css selector&quot;,&quot;selector&quot;:&quot;input[formcontrolname=&apos;siteName&apos;]&quot;}
  (Session info: chrome=76.0.3809.100)
  (Driver info: chromedriver=2.42.591088 (7b2b2dca23cca0862f674758c9a3933e685c27d5),platform=Windows NT 10.0.17134 x86_64) (WARNING: The server did not provide any stacktrace information)
Command duration or timeout: 0 milliseconds
For documentation on this error, please visit: http://seleniumhq.org/exceptions/no_such_element.html
Build info: version: &apos;3.11.0&apos;, revision: &apos;e59cfb3&apos;, time: &apos;2018-03-11T20:26:55.152Z&apos;
System info: host: &apos;GFL06031&apos;, ip: &apos;172.26.126.103&apos;, os.name: &apos;Windows 10&apos;, os.arch: &apos;amd64&apos;, os.version: &apos;10.0&apos;, java.version: &apos;1.8.0_221&apos;
Driver info: org.openqa.selenium.chrome.ChromeDriver
Capabilities {acceptInsecureCerts: false, acceptSslCerts: false, applicationCacheEnabled: false, browserConnectionEnabled: false, browserName: chrome, chrome: {chromedriverVersion: 2.42.591088 (7b2b2dca23cca0..., userDataDir: C:\Users\jteja\AppData\Loca...}, cssSelectorsEnabled: true, databaseEnabled: false, goog:chromeOptions: {debuggerAddress: localhost:51056}, handlesAlerts: true, hasTouchScreen: false, javascriptEnabled: true, locationContextEnabled: true, mobileEmulationEnabled: false, nativeEvents: true, networkConnectionEnabled: false, pageLoadStrategy: normal, platform: XP, platformName: XP, rotatable: false, setWindowRect: true, takesHeapSnapshot: true, takesScreenshot: true, unexpectedAlertBehaviour: , unhandledPromptBehavior: , version: 76.0.3809.100, webStorageEnabled: true}
Session ID: e934f076a8877e1cd69ecc491b2852c4
*** Element info: {Using=css selector, value=input[formcontrolname=&apos;siteName&apos;]}
	at org.openqa.selenium.remote.ErrorHandler.createThrowable(ErrorHandler.java:214)
	at org.openqa.selenium.remote.ErrorHandler.throwIfResponseFailed(ErrorHandler.java:166)
	at org.openqa.selenium.remote.http.JsonHttpResponseCodec.reconstructValue(JsonHttpResponseCodec.java:40)
	at org.openqa.selenium.remote.http.AbstractHttpResponseCodec.decode(AbstractHttpResponseCodec.java:80)
	at org.openqa.selenium.remote.http.AbstractHttpResponseCodec.decode(AbstractHttpResponseCodec.java:44)
	at org.openqa.selenium.remote.HttpCommandExecutor.execute(HttpCommandExecutor.java:158)
	at org.openqa.selenium.remote.service.DriverCommandExecutor.execute(DriverCommandExecutor.java:83)
	at org.openqa.selenium.remote.RemoteWebDriver.execute(RemoteWebDriver.java:545)
	at org.openqa.selenium.remote.RemoteWebDriver.findElement(RemoteWebDriver.java:319)
	at org.openqa.selenium.remote.RemoteWebDriver.findElementByCssSelector(RemoteWebDriver.java:413)
	at org.openqa.selenium.By$ByCssSelector.findElement(By.java:430)
	at org.openqa.selenium.remote.RemoteWebDriver.findElement(RemoteWebDriver.java:311)
	at CRM.ReusableComponents.KeywordsUtil.enterText(KeywordsUtil.java:83)
	at CRM.ReusableComponents.MethodsUtil.performActions(MethodsUtil.java:296)
	at CRM.ReusableComponents.MethodsUtil.executeActions(MethodsUtil.java:152)
	at CRM.ReusableComponents.MethodsUtil.selector(MethodsUtil.java:261)
	at CRM.Sites.UAT_SM_NS_FVF_TC06.SM_NS_FVF_TC06(UAT_SM_NS_FVF_TC06.java:60)
... Removed 29 stack frames</div></td></tr></table><p class="totop"><a href="#summary">back to summary</a></p>
<h3 id="m1">CRM.Sites.UAT_SM_NS_FVF_TC07#SM_NS_FVF_TC07</h3><table class="result"><tr class="param"><th>Parameter #1</th></tr><tr class="param stripe"><td>{SM_NS_FVF_TC07={ProspectIndex={pi_home_link=, pi_new_prospect_button=, pi_create_prospect_popup_combobox=, pi_create_prospect_discard_button=, pi_create_prospect_proceed_button=, pi_create_prospect_close_button=, pi_customers_tab_button=, pi_prospects_tab_button=, pi_prospect_search_checkbox=no, pi_amazon_search_dropdown=all, pi_amazon_search_textfield=SM_NS_FVF_TC01, pi_amazon_search_search_button=yes, pi_more_filters_button=, pi_prospect_level_from_dropdown=, pi_prospect_level_to_dropdown=, pi_salesrep_dropdown=, pi_date_prospect_added_from_textfield=, pi_date_prospect_added_to_textfield=, pi_estimated_amount_from_textfield=, pi_estimated_amount_to_textfield=, pi_next_followup_date_from_textfield=, pi_next_followup_date_to_textfield=, pi_comp_agg_exp_date_from_textfield=, pi_comp_agg_exp_date_to_textfield=, pi_branch_dropdown=, pi_prospect_status_multiselect=, pi_reset_filters_button=, pi_more_filters_search_button=, pi_less_filters_button=, pi_search_results_limit_dropdown=, pi_createreport_button=, pi_prospectgrid_results=SM_NS_FVF_TC01}, AgreementCreate={ac_home_link=, ac_agreements_link=, ac_create_agreement_link=, ac_review_details_link=, ac_customer_copy_link=, ac_agreement_name_combobox=, ac_po_number_textfield=123456, ac_created_on_textfield=, ac_effective_of_textfield=, ac_mark_as_urgent_checkbox=, ac_expires_on_dropdown=, ac_customer_name_combobox=, ac_site_name_combobox=, ac_add_new_site_button=, ac_site_name_textfield=, ac_site_salesrep_dropdown=, ac_site_address_line1_textfield=, ac_site_address_line2_textfield=, ac_site_address_country_dropdown=, ac_site_address_province_dropdown=, ac_site_address_city_textfield=, ac_site_address_zipcode_textfield=, ac_site_contact_primary_checkbox=, ac_site_contact_name_textfield=, ac_site_contact_position_textfield=, ac_site_contact_email_textfield=, ac_site_contact_primary_phone_textfield=, ac_site_contact_primary_extn_textfield=, ac_site_contact_secondary_phone_textfield=, ac_site_contact_secondary_extn_textfield=, ac_site_discard_button=, ac_site_save_button=, ac_add_new_service_button=, ac_discard_button=, ac_save_as_quote_button=, ac_next_button=, =,  =}, SiteCreate={sc_site_name_textfield=Site Validation, sc_sales_rep_dropdown=, sc_site_address_same_checkbox=, sc_address_line1_textfield=, sc_address_line2_textfield=, sc_address_ciy_textfield=, sc_address_country_dropdown=, sc_address_province_dropdown=, sc_address_zipcode_textfield=, sc_contact_name_textfield=, sc_contact_position_textfield=, sc_contact_email_textfield=, sc_contact_primary_phone_textfield=, sc_contact_primary_extn_textfield=, sc_contact_secondary_phone_textfield=, sc_contact_secondary_extn_textfield=, sc_discard_button=, sc_saveandsubmit_button=, =,  =}}}</td></tr><tr><th>Exception</th></tr><tr><td><div class="stacktrace">org.openqa.selenium.NoSuchElementException: no such element: Unable to locate element: {&quot;method&quot;:&quot;css selector&quot;,&quot;selector&quot;:&quot;input[formcontrolname=&apos;siteName&apos;]&quot;}
  (Session info: chrome=76.0.3809.100)
  (Driver info: chromedriver=2.42.591088 (7b2b2dca23cca0862f674758c9a3933e685c27d5),platform=Windows NT 10.0.17134 x86_64) (WARNING: The server did not provide any stacktrace information)
Command duration or timeout: 0 milliseconds
For documentation on this error, please visit: http://seleniumhq.org/exceptions/no_such_element.html
Build info: version: &apos;3.11.0&apos;, revision: &apos;e59cfb3&apos;, time: &apos;2018-03-11T20:26:55.152Z&apos;
System info: host: &apos;GFL06031&apos;, ip: &apos;172.26.126.103&apos;, os.name: &apos;Windows 10&apos;, os.arch: &apos;amd64&apos;, os.version: &apos;10.0&apos;, java.version: &apos;1.8.0_221&apos;
Driver info: org.openqa.selenium.chrome.ChromeDriver
Capabilities {acceptInsecureCerts: false, acceptSslCerts: false, applicationCacheEnabled: false, browserConnectionEnabled: false, browserName: chrome, chrome: {chromedriverVersion: 2.42.591088 (7b2b2dca23cca0..., userDataDir: C:\Users\jteja\AppData\Loca...}, cssSelectorsEnabled: true, databaseEnabled: false, goog:chromeOptions: {debuggerAddress: localhost:51056}, handlesAlerts: true, hasTouchScreen: false, javascriptEnabled: true, locationContextEnabled: true, mobileEmulationEnabled: false, nativeEvents: true, networkConnectionEnabled: false, pageLoadStrategy: normal, platform: XP, platformName: XP, rotatable: false, setWindowRect: true, takesHeapSnapshot: true, takesScreenshot: true, unexpectedAlertBehaviour: , unhandledPromptBehavior: , version: 76.0.3809.100, webStorageEnabled: true}
Session ID: e934f076a8877e1cd69ecc491b2852c4
*** Element info: {Using=css selector, value=input[formcontrolname=&apos;siteName&apos;]}
	at org.openqa.selenium.remote.ErrorHandler.createThrowable(ErrorHandler.java:214)
	at org.openqa.selenium.remote.ErrorHandler.throwIfResponseFailed(ErrorHandler.java:166)
	at org.openqa.selenium.remote.http.JsonHttpResponseCodec.reconstructValue(JsonHttpResponseCodec.java:40)
	at org.openqa.selenium.remote.http.AbstractHttpResponseCodec.decode(AbstractHttpResponseCodec.java:80)
	at org.openqa.selenium.remote.http.AbstractHttpResponseCodec.decode(AbstractHttpResponseCodec.java:44)
	at org.openqa.selenium.remote.HttpCommandExecutor.execute(HttpCommandExecutor.java:158)
	at org.openqa.selenium.remote.service.DriverCommandExecutor.execute(DriverCommandExecutor.java:83)
	at org.openqa.selenium.remote.RemoteWebDriver.execute(RemoteWebDriver.java:545)
	at org.openqa.selenium.remote.RemoteWebDriver.findElement(RemoteWebDriver.java:319)
	at org.openqa.selenium.remote.RemoteWebDriver.findElementByCssSelector(RemoteWebDriver.java:413)
	at org.openqa.selenium.By$ByCssSelector.findElement(By.java:430)
	at org.openqa.selenium.remote.RemoteWebDriver.findElement(RemoteWebDriver.java:311)
	at CRM.ReusableComponents.KeywordsUtil.enterText(KeywordsUtil.java:83)
	at CRM.ReusableComponents.MethodsUtil.performActions(MethodsUtil.java:296)
	at CRM.ReusableComponents.MethodsUtil.executeActions(MethodsUtil.java:152)
	at CRM.ReusableComponents.MethodsUtil.selector(MethodsUtil.java:261)
	at CRM.Sites.UAT_SM_NS_FVF_TC07.SM_NS_FVF_TC07(UAT_SM_NS_FVF_TC07.java:63)
... Removed 29 stack frames</div></td></tr></table><p class="totop"><a href="#summary">back to summary</a></p>
</body>
</html>
