<?xml version="1.0" encoding="UTF-8"?>
<testng-results skipped="0" failed="2" ignored="2" total="4" passed="0">
  <reporter-output>
  </reporter-output>
  <suite name="WishesAutomation" duration-ms="45676" started-at="2019-08-23T21:43:47Z" finished-at="2019-08-23T21:44:33Z">
    <groups>
    </groups>
    <test name="PM Test" duration-ms="45676" started-at="2019-08-23T21:43:47Z" finished-at="2019-08-23T21:44:33Z">
      <class name="CRM.Sites.UAT_SM_NS_FVF_TC06">
        <test-method status="PASS" signature="setUp()[pri:0, instance:CRM.Sites.UAT_SM_NS_FVF_TC06@46d56d67]" name="setUp" is-config="true" duration-ms="15877" started-at="2019-08-23T17:43:31Z" finished-at="2019-08-23T17:43:47Z">
          <reporter-output>
          </reporter-output>
        </test-method> <!-- setUp -->
        <test-method status="FAIL" signature="SM_NS_FVF_TC06(java.util.LinkedHashMap)[pri:0, instance:CRM.Sites.UAT_SM_NS_FVF_TC06@46d56d67]" name="SM_NS_FVF_TC06" duration-ms="21199" started-at="2019-08-23T17:43:47Z" data-provider="getTestDataInput" finished-at="2019-08-23T17:44:08Z">
          <params>
            <param index="0">
              <value>
                <![CDATA[{SM_NS_FVF_TC06={AgreementCreate={ac_home_link=, ac_agreements_link=, ac_create_agreement_link=, ac_review_details_link=, ac_customer_copy_link=, ac_agreement_name_combobox=zzzzz, ac_po_number_textfield=1234, ac_created_on_textfield=, ac_effective_of_textfield=, ac_mark_as_urgent_checkbox=, ac_expires_on_dropdown=, ac_customer_name_combobox=SM_NS_FVF_TC01, ac_site_name_combobox=, ac_add_new_site_button=, ac_site_name_textfield=, ac_site_salesrep_dropdown=, ac_site_address_line1_textfield=, ac_site_address_line2_textfield=, ac_site_address_country_dropdown=, ac_site_address_province_dropdown=, ac_site_address_city_textfield=, ac_site_address_zipcode_textfield=, ac_site_contact_primary_checkbox=, ac_site_contact_name_textfield=, ac_site_contact_position_textfield=, ac_site_contact_email_textfield=, ac_site_contact_primary_phone_textfield=, ac_site_contact_primary_extn_textfield=, ac_site_contact_secondary_phone_textfield=, ac_site_contact_secondary_extn_textfield=, ac_site_discard_button=, ac_site_save_button=, ac_add_new_service_button=, ac_discard_button=, ac_save_as_quote_button=, ac_next_button=, =,  =}, SiteCreate={sc_site_name_textfield=Site Validation, sc_sales_rep_dropdown=, sc_site_address_same_checkbox=, sc_address_line1_textfield=, sc_address_line2_textfield=, sc_address_ciy_textfield=, sc_address_country_dropdown=, sc_address_province_dropdown=, sc_address_zipcode_textfield=, sc_contact_name_textfield=, sc_contact_position_textfield=, sc_contact_email_textfield=, sc_contact_primary_phone_textfield=, sc_contact_primary_extn_textfield=, sc_contact_secondary_phone_textfield=, sc_contact_secondary_extn_textfield=, sc_discard_button=, sc_saveandsubmit_button=, =,  =}}}]]>
              </value>
            </param>
          </params>
          <exception class="org.openqa.selenium.NoSuchElementException">
            <message>
              <![CDATA[no such element: Unable to locate element: {"method":"css selector","selector":"input[formcontrolname='siteName']"}  (Session info: chrome=76.0.3809.100)  (Driver info: chromedriver=2.42.591088 (7b2b2dca23cca0862f674758c9a3933e685c27d5),platform=Windows NT 10.0.17134 x86_64) (WARNING: The server did not provide any stacktrace information)Command duration or timeout: 0 millisecondsFor documentation on this error, please visit: http://seleniumhq.org/exceptions/no_such_element.htmlBuild info: version: '3.11.0', revision: 'e59cfb3', time: '2018-03-11T20:26:55.152Z'System info: host: 'GFL06031', ip: '172.26.126.103', os.name: 'Windows 10', os.arch: 'amd64', os.version: '10.0', java.version: '1.8.0_221'Driver info: org.openqa.selenium.chrome.ChromeDriverCapabilities {acceptInsecureCerts: false, acceptSslCerts: false, applicationCacheEnabled: false, browserConnectionEnabled: false, browserName: chrome, chrome: {chromedriverVersion: 2.42.591088 (7b2b2dca23cca0..., userDataDir: C:\Users\jteja\AppData\Loca...}, cssSelectorsEnabled: true, databaseEnabled: false, goog:chromeOptions: {debuggerAddress: localhost:51056}, handlesAlerts: true, hasTouchScreen: false, javascriptEnabled: true, locationContextEnabled: true, mobileEmulationEnabled: false, nativeEvents: true, networkConnectionEnabled: false, pageLoadStrategy: normal, platform: XP, platformName: XP, rotatable: false, setWindowRect: true, takesHeapSnapshot: true, takesScreenshot: true, unexpectedAlertBehaviour: , unhandledPromptBehavior: , version: 76.0.3809.100, webStorageEnabled: true}Session ID: e934f076a8877e1cd69ecc491b2852c4*** Element info: {Using=css selector, value=input[formcontrolname='siteName']}]]>
            </message>
            <full-stacktrace>
              <![CDATA[org.openqa.selenium.NoSuchElementException: no such element: Unable to locate element: {"method":"css selector","selector":"input[formcontrolname='siteName']"}  (Session info: chrome=76.0.3809.100)  (Driver info: chromedriver=2.42.591088 (7b2b2dca23cca0862f674758c9a3933e685c27d5),platform=Windows NT 10.0.17134 x86_64) (WARNING: The server did not provide any stacktrace information)Command duration or timeout: 0 millisecondsFor documentation on this error, please visit: http://seleniumhq.org/exceptions/no_such_element.htmlBuild info: version: '3.11.0', revision: 'e59cfb3', time: '2018-03-11T20:26:55.152Z'System info: host: 'GFL06031', ip: '172.26.126.103', os.name: 'Windows 10', os.arch: 'amd64', os.version: '10.0', java.version: '1.8.0_221'Driver info: org.openqa.selenium.chrome.ChromeDriverCapabilities {acceptInsecureCerts: false, acceptSslCerts: false, applicationCacheEnabled: false, browserConnectionEnabled: false, browserName: chrome, chrome: {chromedriverVersion: 2.42.591088 (7b2b2dca23cca0..., userDataDir: C:\Users\jteja\AppData\Loca...}, cssSelectorsEnabled: true, databaseEnabled: false, goog:chromeOptions: {debuggerAddress: localhost:51056}, handlesAlerts: true, hasTouchScreen: false, javascriptEnabled: true, locationContextEnabled: true, mobileEmulationEnabled: false, nativeEvents: true, networkConnectionEnabled: false, pageLoadStrategy: normal, platform: XP, platformName: XP, rotatable: false, setWindowRect: true, takesHeapSnapshot: true, takesScreenshot: true, unexpectedAlertBehaviour: , unhandledPromptBehavior: , version: 76.0.3809.100, webStorageEnabled: true}Session ID: e934f076a8877e1cd69ecc491b2852c4*** Element info: {Using=css selector, value=input[formcontrolname='siteName']}at sun.reflect.NativeConstructorAccessorImpl.newInstance0(Native Method)at sun.reflect.NativeConstructorAccessorImpl.newInstance(Unknown Source)at sun.reflect.DelegatingConstructorAccessorImpl.newInstance(Unknown Source)at java.lang.reflect.Constructor.newInstance(Unknown Source)at org.openqa.selenium.remote.ErrorHandler.createThrowable(ErrorHandler.java:214)at org.openqa.selenium.remote.ErrorHandler.throwIfResponseFailed(ErrorHandler.java:166)at org.openqa.selenium.remote.http.JsonHttpResponseCodec.reconstructValue(JsonHttpResponseCodec.java:40)at org.openqa.selenium.remote.http.AbstractHttpResponseCodec.decode(AbstractHttpResponseCodec.java:80)at org.openqa.selenium.remote.http.AbstractHttpResponseCodec.decode(AbstractHttpResponseCodec.java:44)at org.openqa.selenium.remote.HttpCommandExecutor.execute(HttpCommandExecutor.java:158)at org.openqa.selenium.remote.service.DriverCommandExecutor.execute(DriverCommandExecutor.java:83)at org.openqa.selenium.remote.RemoteWebDriver.execute(RemoteWebDriver.java:545)at org.openqa.selenium.remote.RemoteWebDriver.findElement(RemoteWebDriver.java:319)at org.openqa.selenium.remote.RemoteWebDriver.findElementByCssSelector(RemoteWebDriver.java:413)at org.openqa.selenium.By$ByCssSelector.findElement(By.java:430)at org.openqa.selenium.remote.RemoteWebDriver.findElement(RemoteWebDriver.java:311)at CRM.ReusableComponents.KeywordsUtil.enterText(KeywordsUtil.java:83)at CRM.ReusableComponents.MethodsUtil.performActions(MethodsUtil.java:296)at CRM.ReusableComponents.MethodsUtil.executeActions(MethodsUtil.java:152)at CRM.ReusableComponents.MethodsUtil.selector(MethodsUtil.java:261)at CRM.Sites.UAT_SM_NS_FVF_TC06.SM_NS_FVF_TC06(UAT_SM_NS_FVF_TC06.java:60)at sun.reflect.NativeMethodAccessorImpl.invoke0(Native Method)at sun.reflect.NativeMethodAccessorImpl.invoke(Unknown Source)at sun.reflect.DelegatingMethodAccessorImpl.invoke(Unknown Source)at java.lang.reflect.Method.invoke(Unknown Source)at org.testng.internal.MethodInvocationHelper.invokeMethod(MethodInvocationHelper.java:124)at org.testng.internal.Invoker.invokeMethod(Invoker.java:571)at org.testng.internal.Invoker.invokeTestMethod(Invoker.java:707)at org.testng.internal.Invoker.invokeTestMethods(Invoker.java:979)at org.testng.internal.TestMethodWorker.invokeTestMethods(TestMethodWorker.java:125)at org.testng.internal.TestMethodWorker.run(TestMethodWorker.java:109)at org.testng.TestRunner.privateRun(TestRunner.java:648)at org.testng.TestRunner.run(TestRunner.java:505)at org.testng.SuiteRunner.runTest(SuiteRunner.java:455)at org.testng.SuiteRunner.runSequentially(SuiteRunner.java:450)at org.testng.SuiteRunner.privateRun(SuiteRunner.java:415)at org.testng.SuiteRunner.run(SuiteRunner.java:364)at org.testng.SuiteRunnerWorker.runSuite(SuiteRunnerWorker.java:52)at org.testng.SuiteRunnerWorker.run(SuiteRunnerWorker.java:84)at org.testng.TestNG.runSuitesSequentially(TestNG.java:1187)at org.testng.TestNG.runSuitesLocally(TestNG.java:1116)at org.testng.TestNG.runSuites(TestNG.java:1028)at org.testng.TestNG.run(TestNG.java:996)at org.testng.remote.AbstractRemoteTestNG.run(AbstractRemoteTestNG.java:115)at org.testng.remote.RemoteTestNG.initAndRun(RemoteTestNG.java:251)at org.testng.remote.RemoteTestNG.main(RemoteTestNG.java:77)]]>
            </full-stacktrace>
          </exception> <!-- org.openqa.selenium.NoSuchElementException -->
          <reporter-output>
          </reporter-output>
        </test-method> <!-- SM_NS_FVF_TC06 -->
        <test-method status="PASS" signature="tearDown()[pri:0, instance:CRM.Sites.UAT_SM_NS_FVF_TC06@46d56d67]" name="tearDown" is-config="true" duration-ms="672" started-at="2019-08-23T17:44:33Z" finished-at="2019-08-23T17:44:34Z">
          <reporter-output>
          </reporter-output>
        </test-method> <!-- tearDown -->
      </class> <!-- CRM.Sites.UAT_SM_NS_FVF_TC06 -->
      <class name="CRM.Sites.UAT_SM_NS_FVF_TC07">
        <test-method status="FAIL" signature="SM_NS_FVF_TC07(java.util.LinkedHashMap)[pri:0, instance:CRM.Sites.UAT_SM_NS_FVF_TC07@d8355a8]" name="SM_NS_FVF_TC07" duration-ms="23646" started-at="2019-08-23T17:44:09Z" data-provider="getTestDataInput" finished-at="2019-08-23T17:44:32Z">
          <params>
            <param index="0">
              <value>
                <![CDATA[{SM_NS_FVF_TC07={ProspectIndex={pi_home_link=, pi_new_prospect_button=, pi_create_prospect_popup_combobox=, pi_create_prospect_discard_button=, pi_create_prospect_proceed_button=, pi_create_prospect_close_button=, pi_customers_tab_button=, pi_prospects_tab_button=, pi_prospect_search_checkbox=no, pi_amazon_search_dropdown=all, pi_amazon_search_textfield=SM_NS_FVF_TC01, pi_amazon_search_search_button=yes, pi_more_filters_button=, pi_prospect_level_from_dropdown=, pi_prospect_level_to_dropdown=, pi_salesrep_dropdown=, pi_date_prospect_added_from_textfield=, pi_date_prospect_added_to_textfield=, pi_estimated_amount_from_textfield=, pi_estimated_amount_to_textfield=, pi_next_followup_date_from_textfield=, pi_next_followup_date_to_textfield=, pi_comp_agg_exp_date_from_textfield=, pi_comp_agg_exp_date_to_textfield=, pi_branch_dropdown=, pi_prospect_status_multiselect=, pi_reset_filters_button=, pi_more_filters_search_button=, pi_less_filters_button=, pi_search_results_limit_dropdown=, pi_createreport_button=, pi_prospectgrid_results=SM_NS_FVF_TC01}, AgreementCreate={ac_home_link=, ac_agreements_link=, ac_create_agreement_link=, ac_review_details_link=, ac_customer_copy_link=, ac_agreement_name_combobox=, ac_po_number_textfield=123456, ac_created_on_textfield=, ac_effective_of_textfield=, ac_mark_as_urgent_checkbox=, ac_expires_on_dropdown=, ac_customer_name_combobox=, ac_site_name_combobox=, ac_add_new_site_button=, ac_site_name_textfield=, ac_site_salesrep_dropdown=, ac_site_address_line1_textfield=, ac_site_address_line2_textfield=, ac_site_address_country_dropdown=, ac_site_address_province_dropdown=, ac_site_address_city_textfield=, ac_site_address_zipcode_textfield=, ac_site_contact_primary_checkbox=, ac_site_contact_name_textfield=, ac_site_contact_position_textfield=, ac_site_contact_email_textfield=, ac_site_contact_primary_phone_textfield=, ac_site_contact_primary_extn_textfield=, ac_site_contact_secondary_phone_textfield=, ac_site_contact_secondary_extn_textfield=, ac_site_discard_button=, ac_site_save_button=, ac_add_new_service_button=, ac_discard_button=, ac_save_as_quote_button=, ac_next_button=, =,  =}, SiteCreate={sc_site_name_textfield=Site Validation, sc_sales_rep_dropdown=, sc_site_address_same_checkbox=, sc_address_line1_textfield=, sc_address_line2_textfield=, sc_address_ciy_textfield=, sc_address_country_dropdown=, sc_address_province_dropdown=, sc_address_zipcode_textfield=, sc_contact_name_textfield=, sc_contact_position_textfield=, sc_contact_email_textfield=, sc_contact_primary_phone_textfield=, sc_contact_primary_extn_textfield=, sc_contact_secondary_phone_textfield=, sc_contact_secondary_extn_textfield=, sc_discard_button=, sc_saveandsubmit_button=, =,  =}}}]]>
              </value>
            </param>
          </params>
          <exception class="org.openqa.selenium.NoSuchElementException">
            <message>
              <![CDATA[no such element: Unable to locate element: {"method":"css selector","selector":"input[formcontrolname='siteName']"}  (Session info: chrome=76.0.3809.100)  (Driver info: chromedriver=2.42.591088 (7b2b2dca23cca0862f674758c9a3933e685c27d5),platform=Windows NT 10.0.17134 x86_64) (WARNING: The server did not provide any stacktrace information)Command duration or timeout: 0 millisecondsFor documentation on this error, please visit: http://seleniumhq.org/exceptions/no_such_element.htmlBuild info: version: '3.11.0', revision: 'e59cfb3', time: '2018-03-11T20:26:55.152Z'System info: host: 'GFL06031', ip: '172.26.126.103', os.name: 'Windows 10', os.arch: 'amd64', os.version: '10.0', java.version: '1.8.0_221'Driver info: org.openqa.selenium.chrome.ChromeDriverCapabilities {acceptInsecureCerts: false, acceptSslCerts: false, applicationCacheEnabled: false, browserConnectionEnabled: false, browserName: chrome, chrome: {chromedriverVersion: 2.42.591088 (7b2b2dca23cca0..., userDataDir: C:\Users\jteja\AppData\Loca...}, cssSelectorsEnabled: true, databaseEnabled: false, goog:chromeOptions: {debuggerAddress: localhost:51056}, handlesAlerts: true, hasTouchScreen: false, javascriptEnabled: true, locationContextEnabled: true, mobileEmulationEnabled: false, nativeEvents: true, networkConnectionEnabled: false, pageLoadStrategy: normal, platform: XP, platformName: XP, rotatable: false, setWindowRect: true, takesHeapSnapshot: true, takesScreenshot: true, unexpectedAlertBehaviour: , unhandledPromptBehavior: , version: 76.0.3809.100, webStorageEnabled: true}Session ID: e934f076a8877e1cd69ecc491b2852c4*** Element info: {Using=css selector, value=input[formcontrolname='siteName']}]]>
            </message>
            <full-stacktrace>
              <![CDATA[org.openqa.selenium.NoSuchElementException: no such element: Unable to locate element: {"method":"css selector","selector":"input[formcontrolname='siteName']"}  (Session info: chrome=76.0.3809.100)  (Driver info: chromedriver=2.42.591088 (7b2b2dca23cca0862f674758c9a3933e685c27d5),platform=Windows NT 10.0.17134 x86_64) (WARNING: The server did not provide any stacktrace information)Command duration or timeout: 0 millisecondsFor documentation on this error, please visit: http://seleniumhq.org/exceptions/no_such_element.htmlBuild info: version: '3.11.0', revision: 'e59cfb3', time: '2018-03-11T20:26:55.152Z'System info: host: 'GFL06031', ip: '172.26.126.103', os.name: 'Windows 10', os.arch: 'amd64', os.version: '10.0', java.version: '1.8.0_221'Driver info: org.openqa.selenium.chrome.ChromeDriverCapabilities {acceptInsecureCerts: false, acceptSslCerts: false, applicationCacheEnabled: false, browserConnectionEnabled: false, browserName: chrome, chrome: {chromedriverVersion: 2.42.591088 (7b2b2dca23cca0..., userDataDir: C:\Users\jteja\AppData\Loca...}, cssSelectorsEnabled: true, databaseEnabled: false, goog:chromeOptions: {debuggerAddress: localhost:51056}, handlesAlerts: true, hasTouchScreen: false, javascriptEnabled: true, locationContextEnabled: true, mobileEmulationEnabled: false, nativeEvents: true, networkConnectionEnabled: false, pageLoadStrategy: normal, platform: XP, platformName: XP, rotatable: false, setWindowRect: true, takesHeapSnapshot: true, takesScreenshot: true, unexpectedAlertBehaviour: , unhandledPromptBehavior: , version: 76.0.3809.100, webStorageEnabled: true}Session ID: e934f076a8877e1cd69ecc491b2852c4*** Element info: {Using=css selector, value=input[formcontrolname='siteName']}at sun.reflect.NativeConstructorAccessorImpl.newInstance0(Native Method)at sun.reflect.NativeConstructorAccessorImpl.newInstance(Unknown Source)at sun.reflect.DelegatingConstructorAccessorImpl.newInstance(Unknown Source)at java.lang.reflect.Constructor.newInstance(Unknown Source)at org.openqa.selenium.remote.ErrorHandler.createThrowable(ErrorHandler.java:214)at org.openqa.selenium.remote.ErrorHandler.throwIfResponseFailed(ErrorHandler.java:166)at org.openqa.selenium.remote.http.JsonHttpResponseCodec.reconstructValue(JsonHttpResponseCodec.java:40)at org.openqa.selenium.remote.http.AbstractHttpResponseCodec.decode(AbstractHttpResponseCodec.java:80)at org.openqa.selenium.remote.http.AbstractHttpResponseCodec.decode(AbstractHttpResponseCodec.java:44)at org.openqa.selenium.remote.HttpCommandExecutor.execute(HttpCommandExecutor.java:158)at org.openqa.selenium.remote.service.DriverCommandExecutor.execute(DriverCommandExecutor.java:83)at org.openqa.selenium.remote.RemoteWebDriver.execute(RemoteWebDriver.java:545)at org.openqa.selenium.remote.RemoteWebDriver.findElement(RemoteWebDriver.java:319)at org.openqa.selenium.remote.RemoteWebDriver.findElementByCssSelector(RemoteWebDriver.java:413)at org.openqa.selenium.By$ByCssSelector.findElement(By.java:430)at org.openqa.selenium.remote.RemoteWebDriver.findElement(RemoteWebDriver.java:311)at CRM.ReusableComponents.KeywordsUtil.enterText(KeywordsUtil.java:83)at CRM.ReusableComponents.MethodsUtil.performActions(MethodsUtil.java:296)at CRM.ReusableComponents.MethodsUtil.executeActions(MethodsUtil.java:152)at CRM.ReusableComponents.MethodsUtil.selector(MethodsUtil.java:261)at CRM.Sites.UAT_SM_NS_FVF_TC07.SM_NS_FVF_TC07(UAT_SM_NS_FVF_TC07.java:63)at sun.reflect.NativeMethodAccessorImpl.invoke0(Native Method)at sun.reflect.NativeMethodAccessorImpl.invoke(Unknown Source)at sun.reflect.DelegatingMethodAccessorImpl.invoke(Unknown Source)at java.lang.reflect.Method.invoke(Unknown Source)at org.testng.internal.MethodInvocationHelper.invokeMethod(MethodInvocationHelper.java:124)at org.testng.internal.Invoker.invokeMethod(Invoker.java:571)at org.testng.internal.Invoker.invokeTestMethod(Invoker.java:707)at org.testng.internal.Invoker.invokeTestMethods(Invoker.java:979)at org.testng.internal.TestMethodWorker.invokeTestMethods(TestMethodWorker.java:125)at org.testng.internal.TestMethodWorker.run(TestMethodWorker.java:109)at org.testng.TestRunner.privateRun(TestRunner.java:648)at org.testng.TestRunner.run(TestRunner.java:505)at org.testng.SuiteRunner.runTest(SuiteRunner.java:455)at org.testng.SuiteRunner.runSequentially(SuiteRunner.java:450)at org.testng.SuiteRunner.privateRun(SuiteRunner.java:415)at org.testng.SuiteRunner.run(SuiteRunner.java:364)at org.testng.SuiteRunnerWorker.runSuite(SuiteRunnerWorker.java:52)at org.testng.SuiteRunnerWorker.run(SuiteRunnerWorker.java:84)at org.testng.TestNG.runSuitesSequentially(TestNG.java:1187)at org.testng.TestNG.runSuitesLocally(TestNG.java:1116)at org.testng.TestNG.runSuites(TestNG.java:1028)at org.testng.TestNG.run(TestNG.java:996)at org.testng.remote.AbstractRemoteTestNG.run(AbstractRemoteTestNG.java:115)at org.testng.remote.RemoteTestNG.initAndRun(RemoteTestNG.java:251)at org.testng.remote.RemoteTestNG.main(RemoteTestNG.java:77)]]>
            </full-stacktrace>
          </exception> <!-- org.openqa.selenium.NoSuchElementException -->
          <reporter-output>
          </reporter-output>
        </test-method> <!-- SM_NS_FVF_TC07 -->
      </class> <!-- CRM.Sites.UAT_SM_NS_FVF_TC07 -->
    </test> <!-- PM Test -->
  </suite> <!-- WishesAutomation -->
</testng-results>
