<?xml version="1.0" encoding="UTF-8"?>
<!-- Generated by org.testng.reporters.JUnitReportReporter -->
<testsuite skipped="0" hostname="GFL06031" name="GFL.Wishes.CRM.TestCases.CustomerManagement.ExistingCustomer.UAT_CM_EC_ECus_TS01_TC05" tests="1" failures="0" timestamp="16 Jul 2019 20:35:38 GMT" time="25.005" errors="1">
  <testcase name="CM_EC_ECus_TS01_TC05" time="25.005" classname="GFL.Wishes.CRM.TestCases.CustomerManagement.ExistingCustomer.UAT_CM_EC_ECus_TS01_TC05">
    <error type="org.openqa.selenium.TimeoutException" message="Expected condition failed: waiting for presence of element located by: By.cssSelector: div[class=&#039;viewComponent__billingInfo__container&#039;] div[class=&#039;billingInfo__customerSites&#039;] div[class=&#039;siteComponent__main&#039;] div[class=&#039;main__infoSlider&#039;] site-details mat-form-field input[formcontrolname=&#039;name&#039;] (tried for 10 second(s) with 500 milliseconds interval)">
      <![CDATA[org.openqa.selenium.TimeoutException: Expected condition failed: waiting for presence of element located by: By.cssSelector: div[class='viewComponent__billingInfo__container'] div[class='billingInfo__customerSites'] div[class='siteComponent__main'] div[class='main__infoSlider'] site-details mat-form-field input[formcontrolname='name'] (tried for 10 second(s) with 500 milliseconds interval)at org.openqa.selenium.support.ui.WebDriverWait.timeoutException(WebDriverWait.java:81)at org.openqa.selenium.support.ui.FluentWait.until(FluentWait.java:271)at GFL.Wishes.CRM.TestCases.CustomerManagement.ExistingCustomer.UAT_CM_EC_ECus_TS01_TC05.CM_EC_ECus_TS01_TC05(UAT_CM_EC_ECus_TS01_TC05.java:53)at sun.reflect.NativeMethodAccessorImpl.invoke0(Native Method)at sun.reflect.NativeMethodAccessorImpl.invoke(Unknown Source)at sun.reflect.DelegatingMethodAccessorImpl.invoke(Unknown Source)at java.lang.reflect.Method.invoke(Unknown Source)at org.testng.internal.MethodInvocationHelper.invokeMethod(MethodInvocationHelper.java:124)at org.testng.internal.Invoker.invokeMethod(Invoker.java:571)at org.testng.internal.Invoker.invokeTestMethod(Invoker.java:707)at org.testng.internal.Invoker.invokeTestMethods(Invoker.java:979)at org.testng.internal.TestMethodWorker.invokeTestMethods(TestMethodWorker.java:125)at org.testng.internal.TestMethodWorker.run(TestMethodWorker.java:109)at org.testng.TestRunner.privateRun(TestRunner.java:648)at org.testng.TestRunner.run(TestRunner.java:505)at org.testng.SuiteRunner.runTest(SuiteRunner.java:455)at org.testng.SuiteRunner.runSequentially(SuiteRunner.java:450)at org.testng.SuiteRunner.privateRun(SuiteRunner.java:415)at org.testng.SuiteRunner.run(SuiteRunner.java:364)at org.testng.SuiteRunnerWorker.runSuite(SuiteRunnerWorker.java:52)at org.testng.SuiteRunnerWorker.run(SuiteRunnerWorker.java:84)at org.testng.TestNG.runSuitesSequentially(TestNG.java:1187)at org.testng.TestNG.runSuitesLocally(TestNG.java:1116)at org.testng.TestNG.runSuites(TestNG.java:1028)at org.testng.TestNG.run(TestNG.java:996)at org.testng.remote.AbstractRemoteTestNG.run(AbstractRemoteTestNG.java:115)at org.testng.remote.RemoteTestNG.initAndRun(RemoteTestNG.java:251)at org.testng.remote.RemoteTestNG.main(RemoteTestNG.java:77)Caused by: org.openqa.selenium.NoSuchElementException: Cannot locate an element using By.cssSelector: div[class='viewComponent__billingInfo__container'] div[class='billingInfo__customerSites'] div[class='siteComponent__main'] div[class='main__infoSlider'] site-details mat-form-field input[formcontrolname='name']For documentation on this error, please visit: http://seleniumhq.org/exceptions/no_such_element.htmlBuild info: version: '3.11.0', revision: 'e59cfb3', time: '2018-03-11T20:26:55.152Z'System info: host: 'GFL06031', ip: '172.26.126.103', os.name: 'Windows 10', os.arch: 'amd64', os.version: '10.0', java.version: '1.8.0_211'Driver info: driver.version: unknownat org.openqa.selenium.support.ui.ExpectedConditions.lambda$findElement$0(ExpectedConditions.java:896)at java.util.Optional.orElseThrow(Unknown Source)at org.openqa.selenium.support.ui.ExpectedConditions.findElement(ExpectedConditions.java:895)at org.openqa.selenium.support.ui.ExpectedConditions.access$000(ExpectedConditions.java:44)at org.openqa.selenium.support.ui.ExpectedConditions$6.apply(ExpectedConditions.java:183)at org.openqa.selenium.support.ui.ExpectedConditions$6.apply(ExpectedConditions.java:180)at org.openqa.selenium.support.ui.FluentWait.until(FluentWait.java:248)... 26 more]]>
    </error>
  </testcase> <!-- CM_EC_ECus_TS01_TC05 -->
</testsuite> <!-- GFL.Wishes.CRM.TestCases.CustomerManagement.ExistingCustomer.UAT_CM_EC_ECus_TS01_TC05 -->
